Iteration	Posterior	Likelihood	Prior	extirpation_rate	log10_rate_bg	rate_bg
0	-47.9369	-45.6606	-2.2763	1.138096	-2	0.01
10	-41.3549	-38.6987	-2.65621	0.3528965	-1.068636	0.08538146
20	-40.2428	-38.2201	-2.02263	0.9822846	-0.9450202	0.1134958
30	-40.7679	-38.7723	-1.99562	0.490324	-0.8805737	0.1316517
40	-40.3805	-38.4557	-1.92475	0.9097	-0.8358845	0.1459202
50	-40.3089	-38.4556	-1.85326	0.8453619	-0.8564343	0.1391764
60	-41.8768	-39.0883	-2.78846	0.3363981	-0.8585078	0.1385135
70	-40.8431	-39.0659	-1.7772	0.7367136	-1.224741	0.05960178
80	-41.1772	-38.223	-2.95427	1.484829	-1.066144	0.08587287
90	-41.7153	-39.9435	-1.77179	0.7196681	-0.6627726	0.2173839
100	-40.2761	-38.2234	-2.05264	1.002551	-0.9805326	0.1045845
110	-41.7333	-37.9245	-3.80879	1.88751	-1.005891	0.09865278
120	-40.6085	-38.8322	-1.77631	0.6432667	-1.167001	0.06807683
130	-40.8621	-39.0468	-1.81533	0.588861	-0.7956255	0.1600938
140	-40.8398	-38.1121	-2.72769	1.374198	-1.015154	0.09657092
150	-40.8895	-39.0613	-1.82821	0.5774375	-1.216555	0.06073587
160	-40.4452	-38.6694	-1.77571	0.7326218	-1.13021	0.07409512
170	-40.9713	-38.9148	-2.05644	1.005073	-0.7241791	0.1887213
180	-41.3736	-38.4073	-2.96626	1.490601	-0.7182964	0.191295
190	-40.8309	-38.5198	-2.31111	1.157573	-1.123575	0.0752359
200	-40.4248	-38.6312	-1.79358	0.770351	-1.122651	0.07539614
210	-41.0539	-38.4498	-2.60413	1.312264	-0.742383	0.1809743
220	-42.4405	-37.9806	-4.45988	2.192938	-1.044164	0.09033085
230	-40.6706	-38.4548	-2.2158	1.103424	-1.102028	0.07906276
240	-40.5309	-38.1097	-2.42117	1.217346	-0.9768781	0.1054683
250	-42.0827	-38.8962	-3.18642	1.595645	-0.6334698	0.2325574
260	-41.5052	-39.5813	-1.92385	0.9089699	-0.6627358	0.2174023
270	-40.8531	-38.066	-2.78711	1.403527	-0.824407	0.149828
280	-42.2913	-37.5751	-4.71621	2.314561	-0.8961585	0.127011
290	-40.5146	-38.1318	-2.38277	1.196768	-0.9862833	0.1032088
300	-46.7085	-43.2811	-3.42732	1.709123	-1.762494	0.01727849
310	-40.5865	-38.4052	-2.1813	1.08311	-1.085213	0.08218393
320	-40.605	-38.7048	-1.90018	0.5312522	-0.8857462	0.1300929
330	-42.0153	-39.1511	-2.86416	1.441202	-0.6253961	0.2369212
340	-40.2362	-38.3876	-1.84867	0.8406281	-0.885662	0.1301182
350	-40.7775	-38.7949	-1.98258	0.4951512	-0.8728648	0.1340094
360	-42.6105	-38.2569	-4.35362	2.142805	-0.6523079	0.2226856
370	-40.5302	-38.7405	-1.78965	0.6187177	-0.8471841	0.1421726
380	-42.0783	-40.2924	-1.7859	0.7563754	-1.421435	0.03789352
390	-40.4376	-38.1726	-2.26503	1.13172	-0.872907	0.1339964
400	-41.9474	-38.9783	-2.96909	1.491962	-0.637697	0.2303048
410	-40.1904	-38.4227	-1.76766	0.6822314	-0.9718468	0.1066972
420	-40.3228	-38.4284	-1.89447	0.884188	-1.067674	0.08557081
430	-42.52	-37.6017	-4.91826	2.411215	-0.7671703	0.1709345
440	-43.0838	-41.1581	-1.92563	0.9104122	-1.53159	0.02940426
450	-40.9453	-38.0715	-2.87378	1.445878	-0.8097023	0.1549879
460	-41.7113	-37.7472	-3.96412	1.96009	-0.935074	0.1161251
470	-40.7685	-37.9679	-2.80066	1.41018	-0.9074545	0.1237501
480	-44.5559	-39.3622	-5.19374	2.54429	-1.297426	0.05041667
490	-40.4339	-38.6225	-1.81133	0.7968882	-0.8239124	0.1499987
500	-42.1859	-40.4064	-1.77946	0.6362556	-1.436199	0.03662701
510	-42.3155	-39.797	-2.51852	0.3724074	-0.7519559	0.1770289
520	-40.6684	-38.8489	-1.81948	0.585003	-1.166733	0.06811886
530	-42.7492	-37.5129	-5.23622	2.564956	-0.9074018	0.1237651
540	-40.4053	-38.1255	-2.27983	1.140085	-0.9470319	0.1129713
550	-40.4913	-38.2936	-2.19777	1.092858	-0.8324897	0.1470653
560	-40.4125	-38.5888	-1.82365	0.5813032	-1.078423	0.08347898
570	-41.9698	-38.167	-3.80279	1.884706	-0.7008166	0.1991514
580	-41.6027	-37.9368	-3.66584	1.820735	-1.00348	0.09920188
590	-43.0523	-37.3889	-5.66348	2.775123	-0.8191029	0.1516691
600	-42.2124	-38.8007	-3.41165	1.701771	-1.201882	0.0628229
610	-40.2297	-38.4138	-1.81594	0.8029574	-1.044281	0.09030647
620	-40.9267	-39.0796	-1.84707	0.5630453	-1.21977	0.06028784
630	-41.8866	-38.7549	-3.13173	1.569702	-0.6542705	0.2216815
640	-40.2324	-38.2285	-2.00392	0.9692639	-0.9453231	0.1134167
650	-40.7463	-38.3572	-2.38909	1.200175	-1.081799	0.0828326
660	-40.9028	-39.1264	-1.7764	0.7345534	-1.236649	0.05798965
670	-40.5521	-38.1514	-2.40071	1.206417	-0.852961	0.140294
680	-40.3214	-38.2147	-2.10663	1.037434	-0.9901282	0.1022991
690	-40.2174	-38.4175	-1.79992	0.7805368	-0.8978432	0.1265193
700	-42.3017	-40.5101	-1.7916	0.6159052	-0.6358405	0.2312914
710	-41.9434	-38.3669	-3.57649	1.778974	-0.6810199	0.2084395
720	-41.6039	-39.6726	-1.93135	0.5162407	-0.7313677	0.1856232
730	-40.253	-38.2506	-2.00241	0.9681995	-0.9895393	0.1024379
740	-40.2176	-38.4461	-1.77154	0.6572602	-0.9596138	0.1097454
750	-41.1836	-38.4518	-2.73183	1.376251	-0.7301748	0.1861338
760	-41.2649	-39.0507	-2.21423	1.102507	-0.6884421	0.2049075
770	-40.299	-38.3898	-1.90923	0.8968699	-1.053601	0.08838923
780	-40.4072	-38.1566	-2.2506	1.123501	-0.9774921	0.1053193
790	-42.3708	-38.3775	-3.99325	1.973712	-1.127167	0.07461617
800	-40.5541	-38.7865	-1.7676	0.6905453	-1.15886	0.06936492
810	-40.4171	-38.4885	-1.92855	0.9127656	-1.093387	0.08065163
820	-40.4012	-38.5664	-1.83481	0.82562	-1.10859	0.07787722
830	-40.9744	-39.2049	-1.76953	0.7092561	-0.7444629	0.1801097
840	-42.0019	-37.6448	-4.3571	2.144446	-0.9064199	0.1240452
850	-41.0069	-39.154	-1.85282	0.5590685	-1.235152	0.05819
860	-40.234	-38.2978	-1.93624	0.9188963	-1.007683	0.09824653
870	-40.3974	-38.561	-1.8364	0.8274006	-1.107059	0.07815212
880	-41.1718	-39.0111	-2.16073	1.070778	-1.225487	0.05949948
890	-40.4569	-38.6794	-1.77754	0.640385	-1.12315	0.0753095
900	-42.1693	-40.1881	-1.98116	0.9529511	-1.408243	0.03906222
910	-40.6041	-38.7993	-1.80486	0.59955	-1.154586	0.07005096
920	-40.4975	-38.7162	-1.78132	0.6325723	-0.8489302	0.1416021
930	-41.1723	-38.1782	-2.99417	1.50402	-0.7638148	0.1722603
940	-40.5718	-38.7775	-1.79432	0.6122066	-1.149675	0.07084758
950	-40.6409	-38.5974	-2.04343	0.9964091	-1.13255	0.07369697
960	-40.3352	-38.5496	-1.78556	0.6250753	-0.9052864	0.1243694
970	-41.0857	-39.3072	-1.77852	0.6382252	-1.267568	0.05400479
980	-41.9775	-38.6525	-3.32496	1.661039	-0.6553194	0.2211468
990	-40.6344	-38.2113	-2.4231	1.218371	-0.8236853	0.1500772
1000	-40.3791	-38.3134	-2.0657	1.011166	-1.041159	0.09095807
1010	-40.587	-38.8126	-1.77444	0.7288252	-0.8014439	0.1579633
1020	-41.993	-39.2956	-2.69734	1.35911	-1.280231	0.05245286
1030	-40.3105	-38.532	-1.77849	0.6382909	-0.9073646	0.1237757
1040	-40.9345	-39.032	-1.90251	0.8911603	-1.223808	0.05972997
1050	-40.4075	-38.6399	-1.76757	0.689433	-0.8511309	0.1408864
1060	-40.2161	-38.4482	-1.7679	0.6782438	-0.936842	0.1156533
1070	-42.0142	-37.8463	-4.16785	2.05549	-0.7481658	0.1785806
1080	-40.2073	-38.258	-1.94928	0.9290763	-0.93447	0.1162867
1090	-41.2642	-39.282	-1.98228	0.9537658	-1.271145	0.05356182
1100	-42.5189	-37.9315	-4.58738	2.253307	-0.6968084	0.200998
1110	-40.1965	-38.4289	-1.76763	0.6828825	-0.954709	0.1109918
1120	-40.9042	-37.9491	-2.95513	1.485241	-0.9446896	0.1135822
1130	-41.0425	-38.1059	-2.93667	1.47634	-1.026832	0.09400868
1140	-40.6688	-38.0062	-2.66254	1.341717	-0.9062675	0.1240888
1150	-42.9396	-37.4319	-5.50766	2.697968	-0.7967132	0.1596933
1160	-40.4589	-38.2993	-2.15968	1.070145	-0.8375609	0.1453581
1170	-46.2517	-44.468	-1.78369	0.7518929	-0.4033814	0.3950195
1180	-40.2563	-38.2546	-2.00174	0.9677217	-0.9033986	0.1249112
1190	-40.4937	-38.1083	-2.38542	1.198199	-0.8858953	0.1300483
1200	-41.0328	-38.6823	-2.35054	0.4005564	-1.07716	0.0837221
1210	-40.7004	-38.0248	-2.67563	1.348273	-0.9568356	0.1104497
1220	-40.5862	-38.7056	-1.88051	0.5419077	-1.11888	0.0760537
1230	-42.1069	-40.2635	-1.84338	0.565687	-0.6653858	0.2160798
1240	-41.5204	-38.5202	-3.0002	1.506915	-0.6967229	0.2010375
1250	-40.5488	-38.308	-2.24078	1.117878	-0.8203621	0.15123
1260	-40.6092	-38.8408	-1.76836	0.6735869	-1.171406	0.0673897
1270	-40.4425	-38.244	-2.19854	1.093316	-0.8515469	0.1407515
1280	-40.5949	-38.0568	-2.53809	1.278515	-0.883999	0.1306174
1290	-40.1905	-38.3677	-1.82278	0.8115385	-1.017667	0.09601374
1300	-41.0129	-39.1954	-1.81755	0.805018	-1.25201	0.05597448
1310	-41.1653	-39.018	-2.14726	1.062605	-1.226548	0.05935433
1320	-40.395	-38.5303	-1.86461	0.5513984	-0.9623563	0.1090545
1330	-41.265	-39.481	-1.784	0.6276996	-0.7280737	0.1870365
1340	-40.2812	-38.216	-2.06521	1.010841	-0.9771075	0.1054126
1350	-40.7489	-37.9824	-2.76651	1.39339	-0.9305742	0.1173345
1360	-40.4848	-38.6969	-1.78788	0.6213732	-0.8573821	0.138873
1370	-41.3154	-37.9512	-3.36427	1.679523	-0.9915901	0.1019553
1380	-40.9183	-39.0211	-1.89727	0.5327647	-0.814502	0.1532844
1390	-41.3383	-38.2633	-3.07496	1.542676	-1.081643	0.08286223
1400	-40.9888	-38.0768	-2.91206	1.464444	-0.8027637	0.1574839
1410	-40.4149	-38.6458	-1.7691	0.6684287	-1.115621	0.07662652
1420	-41.4003	-38.135	-3.26532	1.632937	-1.051774	0.0887618
1430	-40.5559	-38.5601	-1.99588	0.963564	-0.7949074	0.1603587
1440	-41.8126	-39.3346	-2.47798	1.24732	-1.284985	0.05188177
1450	-41.5078	-38.0924	-3.41547	1.703562	-1.044513	0.09025824
1460	-42.7754	-38.9269	-3.84847	1.906043	-0.5933122	0.2550867
1470	-40.2291	-38.3655	-1.86359	0.8556691	-1.031544	0.09299426
1480	-40.7063	-38.2231	-2.48315	1.250027	-1.041997	0.0907826
1490	-40.1901	-38.4068	-1.78334	0.7511428	-1.022408	0.09497115
1500	-41.3488	-38.371	-2.97787	1.496185	-1.10651	0.07825094
1510	-41.0956	-37.8875	-3.20804	1.605882	-0.936628	0.1157103
1520	-42.6553	-39.3509	-3.30442	1.651368	-0.5790819	0.2635834
1530	-40.4561	-38.0958	-2.36025	1.184572	-0.9257579	0.118643
1540	-40.4797	-38.6198	-1.85992	0.554377	-1.086833	0.08187787
1550	-40.3333	-38.537	-1.79629	0.774824	-1.092259	0.08086142
1560	-41.0696	-38.9224	-2.14717	1.062553	-0.7123521	0.1939313
1570	-40.8024	-38.134	-2.66839	1.344651	-0.8150028	0.1531078
1580	-41.6799	-39.765	-1.9149	0.5239121	-0.7199616	0.1905629
1590	-41.0876	-38.1453	-2.94232	1.479063	-0.777844	0.1667846
1600	-40.2739	-38.3008	-1.97307	0.9470189	-1.01942	0.09562699
1610	-42.0919	-40.3237	-1.76819	0.6750911	-1.425239	0.03756309
1620	-40.4372	-38.6612	-1.77604	0.6439422	-0.8598209	0.1380954
1630	-41.7682	-39.4814	-2.28685	0.4128972	-1.292321	0.05101277
1640	-41.3202	-38.3811	-2.93906	1.477491	-0.7253147	0.1882284
1650	-41.1091	-37.8695	-3.23958	1.620791	-0.9236646	0.1192162
1660	-40.2461	-38.2273	-2.01889	0.9797077	-0.9255182	0.1187085
1670	-40.5019	-38.5872	-1.91475	0.9014855	-1.122266	0.0754629
1680	-40.8646	-38.2906	-2.57401	1.296934	-1.070343	0.08504661
1690	-41.4609	-38.3108	-3.15004	1.578398	-0.7213462	0.1899564
1700	-40.2761	-38.2233	-2.05272	1.002608	-0.9804706	0.1045995
1710	-41.4218	-38.3925	-3.02936	1.520887	-1.113001	0.07709022
1720	-40.4981	-38.3001	-2.19794	1.092964	-1.049457	0.08923663
1730	-40.6989	-38.0692	-2.62966	1.325179	-0.9829865	0.1039952
1740	-40.4276	-38.6568	-1.77085	0.6599451	-1.118185	0.07617544
1750	-40.922	-39.0231	-1.89884	0.8879988	-1.221956	0.05998515
1760	-40.5648	-38.1538	-2.41092	1.21188	-1.004182	0.09904174
1770	-42.1298	-37.6634	-4.46637	2.196009	-0.9317644	0.1170134
1780	-40.4463	-38.5981	-1.84824	0.5622239	-0.9121274	0.1224257
1790	-40.217	-38.4161	-1.80095	0.7821068	-1.039774	0.09124852
1800	-41.466	-38.0757	-3.39037	1.691782	-1.038381	0.09154178
1810	-43.5903	-37.328	-6.26226	3.077501	-0.8741336	0.1336184
1820	-40.7342	-38.6155	-2.11876	0.4520088	-1.050127	0.0890991
1830	-40.9009	-38.1768	-2.72418	1.372455	-0.7936012	0.1608418
1840	-41.1528	-37.8995	-3.25332	1.627276	-0.9536724	0.1112571
1850	-40.7727	-37.9871	-2.78564	1.402803	-0.9443178	0.1136795
1860	-40.2996	-38.3285	-1.97109	0.9455521	-1.0346	0.09234208
1870	-41.031	-38.8081	-2.22295	0.4264843	-0.8931288	0.1279002
1880	-40.7136	-38.9439	-1.7697	0.6651362	-1.195299	0.06378246
1890	-40.2174	-38.2427	-1.97469	0.9482144	-0.9420546	0.1142735
1900	-44.2922	-37.2194	-7.07284	3.503259	-0.752612	0.1767616
1910	-40.3817	-38.6042	-1.77745	0.6406026	-1.096743	0.08003079
1920	-41.2959	-39.363	-1.93296	0.5155192	-0.7679485	0.1706285
1930	-42.0942	-38.8099	-3.28429	0.2876983	-1.113052	0.0770812
1940	-43.9828	-39.2042	-4.77865	0.2014916	-1.226142	0.05940984
1950	-40.5384	-38.6494	-1.889	0.879342	-0.7963905	0.1598121
1960	-43.2489	-40.8408	-2.4081	1.21037	-0.517202	0.3039471
1970	-41.5655	-39.7725	-1.79306	0.769454	-1.347101	0.04496748
1980	-40.2641	-38.4906	-1.77344	0.7256019	-1.064534	0.08619176
1990	-41.4662	-38.4509	-3.01523	1.514122	-1.126304	0.07476454
2000	-41.7104	-38.5556	-3.15487	1.58069	-0.6801624	0.2088515
2010	-40.2352	-38.2866	-1.94861	0.9285608	-1.00282	0.09935284
2020	-40.552	-38.5645	-1.9875	0.4933082	-0.9836313	0.103841
2030	-40.2107	-38.4431	-1.76755	0.687396	-1.02243	0.09496638
2040	-41.7199	-39.8791	-1.84079	0.8322427	-1.363708	0.04328049
2050	-40.4705	-38.7024	-1.76817	0.6995317	-0.8324465	0.14708
2060	-40.4716	-38.5429	-1.92873	0.5174298	-0.9913519	0.1020113
2070	-41.0959	-38.6555	-2.44034	0.3848145	-1.046423	0.08986211
2080	-45.7982	-38.4834	-7.31479	3.63431	-1.168176	0.06789282
2090	-41.2758	-37.8832	-3.39267	1.692864	-0.8197203	0.1514536
2100	-41.8692	-38.8185	-3.05072	1.531107	-1.201517	0.06287568
2110	-41.1788	-37.9041	-3.2747	1.637365	-0.8270914	0.1489048
2120	-40.2806	-38.4791	-1.80146	0.782867	-0.8700754	0.1348729
2130	-40.475	-38.6496	-1.82539	0.5798054	-1.104119	0.07868306
2140	-40.3755	-38.1365	-2.23896	1.116832	-0.9304642	0.1173642
2150	-41.8782	-39.7895	-2.08879	1.026106	-1.352355	0.04442683
2160	-41.114	-37.9471	-3.16694	1.586414	-0.9733368	0.1063318
2170	-40.6438	-38.5042	-2.13967	1.057962	-1.112184	0.0772354
2180	-40.6177	-38.8192	-1.79841	0.7781955	-1.173081	0.06713038
2190	-40.6406	-38.17	-2.47059	1.243453	-1.01882	0.09575914
2200	-41.9807	-37.7536	-4.22708	2.083289	-0.9602431	0.1095865
2210	-40.9546	-38.3637	-2.59087	1.305529	-1.092487	0.08081885
2220	-42.2747	-39.1902	-3.08446	1.54721	-1.265643	0.05424461
2230	-41.7576	-38.1781	-3.57945	1.780358	-1.07355	0.08442098
2240	-40.7568	-37.9812	-2.77557	1.397854	-0.8863413	0.1299148
2250	-40.5413	-38.531	-2.01023	0.9736921	-1.112627	0.0771565
2260	-40.9793	-39.1798	-1.79953	0.605655	-1.242252	0.05724638
2270	-40.7572	-38.9753	-1.78191	0.6314462	-0.7967585	0.1596767
2280	-42.6354	-37.4767	-5.15877	2.527309	-0.8619879	0.137408
2290	-41.8847	-40.11	-1.77473	0.7297115	-1.396025	0.04017681
2300	-42.4069	-37.5562	-4.85067	2.378799	-0.8981121	0.126441
2310	-41.7468	-38.2228	-3.52401	1.754422	-1.083517	0.08250553
2320	-41.6625	-38.4521	-3.21039	1.606994	-1.130481	0.07404896
2330	-42.0465	-37.9458	-4.1007	2.024008	-1.024207	0.09457854
2340	-40.7392	-38.7706	-1.96855	0.9436625	-1.171242	0.06741517
2350	-40.864	-39.0027	-1.86129	0.8534223	-1.216629	0.06072542
2360	-42.8686	-40.0691	-2.7995	1.409609	-1.39374	0.04038873
2370	-41.0853	-39.2676	-1.81764	0.5866939	-0.7636767	0.1723151
2380	-41.1387	-38.8109	-2.32776	0.4048466	-0.9002575	0.1258179
2390	-40.2656	-38.231	-2.03454	0.9904182	-0.9815983	0.1043282
2400	-43.8839	-38.6648	-5.21909	2.556618	-1.190354	0.06451279
2410	-40.6003	-38.1271	-2.47319	1.244814	-0.9970608	0.1006791
2420	-42.8192	-41.003	-1.81618	0.8032717	-1.512833	0.03070205
2430	-40.3248	-38.5512	-1.77359	0.7261228	-0.8653446	0.1363501
2440	-44.6052	-39.8153	-4.78981	2.349683	-0.4745215	0.3353347
2450	-40.436	-38.422	-2.01398	0.9763033	-0.8262615	0.1491896
2460	-40.1702	-38.3056	-1.86461	0.8566685	-0.942345	0.1141971
2470	-41.6678	-39.465	-2.20285	0.4310507	-0.775586	0.167654
2480	-40.4444	-38.1831	-2.26129	1.129596	-0.8675257	0.135667
2490	-45.0488	-42.486	-2.56278	1.291195	-0.4133286	0.3860748
2500	-41.4211	-37.8538	-3.56732	1.774686	-0.8091771	0.1551754
2510	-43.8151	-37.9769	-5.83816	2.862345	-1.067413	0.08562223
2520	-40.4429	-38.5527	-1.89011	0.5365736	-0.9529507	0.1114421
2530	-41.2247	-37.8821	-3.34267	1.66937	-0.9531066	0.1114021
2540	-40.9723	-39.1851	-1.7872	0.6224382	-1.243949	0.05702309
2550	-44.5171	-42.6618	-1.8553	0.5574027	-0.5179816	0.303402
2560	-40.4973	-38.6726	-1.8247	0.81386	-0.8080102	0.1555929
2570	-42.715	-40.1657	-2.54925	1.284254	-1.406441	0.03922463
2580	-40.8742	-38.9891	-1.88512	0.8758634	-0.7391184	0.1823398
2590	-40.353	-38.299	-2.054	1.003454	-1.032752	0.09273595
2600	-41.9808	-38.3191	-3.66165	1.818778	-1.109278	0.07775388
2610	-40.4695	-38.0978	-2.37168	1.190776	-0.9480995	0.1126939
2620	-40.1839	-38.2813	-1.90265	0.8912817	-0.9684207	0.1075423
2630	-40.6723	-38.561	-2.11136	1.040406	-1.126186	0.07478483
2640	-40.3337	-38.5039	-1.82982	0.8199148	-0.8491509	0.1415302
2650	-40.9064	-37.9245	-2.98192	1.498132	-0.8846203	0.1304307
2660	-41.9797	-37.7201	-4.25958	2.098556	-0.9461445	0.1132024
2670	-43.2704	-41.286	-1.98434	0.9552646	-1.546757	0.02839507
2680	-42.3066	-40.3402	-1.96644	0.9420902	-1.428689	0.03726587
2690	-41.0993	-38.8555	-2.24382	0.4218988	-1.152597	0.07037244
2700	-40.6629	-38.7448	-1.91816	0.9043066	-1.163055	0.06869817
2710	-40.2207	-38.4452	-1.77547	0.7319185	-1.041909	0.09080101
2720	-41.2633	-39.4029	-1.86042	0.8525631	-1.289576	0.05133622
2730	-40.3421	-38.552	-1.79008	0.7642475	-0.8523873	0.1404794
2740	-42.5092	-38.753	-3.75626	0.2535556	-1.055056	0.08809343
2750	-41.8636	-39.3427	-2.52091	1.269653	-0.6293945	0.2347499
2760	-41.5302	-39.385	-2.14524	1.061374	-0.6570986	0.2202427
2770	-40.3571	-38.4986	-1.8585	0.8506556	-1.089059	0.08145928
2780	-41.6491	-37.8801	-3.76899	1.868918	-0.9870114	0.1030359
2790	-40.691	-38.8207	-1.87033	0.547881	-0.8498287	0.1413095
2800	-41.6335	-37.7141	-3.91947	1.939218	-0.8491511	0.1415301
2810	-42.741	-38.3837	-4.35732	2.14455	-0.6336046	0.2324853
2820	-41.8164	-40.0376	-1.77877	0.6376989	-0.6702454	0.2136754
2830	-40.1969	-38.4252	-1.77175	0.7194996	-1.022897	0.09486443
2840	-40.2782	-38.4145	-1.8637	0.8557791	-0.8677953	0.1355828
2850	-41.365	-39.025	-2.34004	0.402517	-1.197347	0.0634824
2860	-40.7866	-38.0147	-2.77194	1.396062	-0.854493	0.1398
2870	-41.1382	-39.1308	-2.00735	0.9716722	-0.7016244	0.1987813
2880	-44.5388	-39.3556	-5.18328	2.539209	-1.296469	0.0505279
2890	-40.3729	-38.196	-2.17691	1.080491	-0.9925199	0.1017373
2900	-43.7693	-41.916	-1.85327	0.5587673	-1.619887	0.02399455
2910	-42.6994	-40.3949	-2.30446	0.4093734	-0.6881891	0.2050269
2920	-40.8457	-38.8624	-1.98325	0.9544766	-0.7419202	0.1811673
2930	-40.5189	-38.4121	-2.10685	1.037574	-0.812108	0.1541317
2940	-41.759	-38.0344	-3.72461	1.848187	-0.7345706	0.1842593
2950	-42.0189	-37.6446	-4.37439	2.152593	-0.8135412	0.1536239
2960	-44.1065	-37.2269	-6.87967	3.399977	-0.8543113	0.1398585
2970	-40.5919	-38.1502	-2.4417	1.22824	-1.005964	0.09863616
2980	-40.2272	-38.4592	-1.76808	0.6762478	-0.9292687	0.1176878
2990	-42.7877	-39.1485	-3.63926	1.808317	-1.26181	0.05472547
3000	-40.2057	-38.2783	-1.9274	0.9118416	-0.9853723	0.1034255
