Iteration	Posterior	Likelihood	Prior	delta_0	delta_1	gamma_0	gamma_1	q_01	q_10	rho_0	rho_1
0	-65.8505	-71.3353	5.48482	0.3433765	0.2133608	0.004565611	0.233393	0.2234742	0.05726765	0.1756543	0.04249419
10	-61.4162	-63.7283	2.31214	0.7803074	0.1567462	0.01501276	0.03740026	0.1288708	0.124818	0.3225713	0.0451278
20	-57.8622	-64.2758	6.41359	0.7063422	0.1578217	0.07729724	0.03230279	0.08573393	0.05595883	0.0337897	0.05146285
30	-60.0167	-61.279	1.26232	0.9650595	0.212208	0.04424349	0.0459153	0.2410031	0.07415032	0.06605602	0.06720035
40	-59.0024	-64.8409	5.83842	0.6441062	0.1185258	0.02912751	0.02973148	0.114352	0.1648462	0.06334488	0.09419223
50	-59.745	-62.7363	2.99123	0.5505364	0.06260335	0.1978445	0.04986782	0.2163488	0.0942809	0.1836486	0.1878149
60	-62.941	-56.6618	-6.27922	1.281487	0.09614454	0.1192992	0.1144404	0.1053756	0.1865784	0.1277635	0.4389016
70	-59.4896	-67.6917	8.20218	0.3758197	0.06478456	0.09811773	0.1551447	0.04217917	0.1144571	0.03028366	0.1410639
80	-61.0129	-66.496	5.48316	0.4243049	0.2212266	0.1393311	0.2443194	0.03184501	0.06023698	0.01225329	0.1602347
90	-61.5491	-68.7092	7.16013	0.1887113	0.09153309	0.4739939	0.0868378	0.03627351	0.1061423	0.0220781	0.1204856
100	-61.8494	-65.6283	3.77894	0.2547371	0.138433	0.6158484	0.07049603	0.08804058	0.09901193	0.08031253	0.1172947
110	-65.7443	-66.1585	0.414188	0.1787067	0.1765794	0.756378	0.08594872	0.05594655	0.1082425	0.225279	0.2135684
120	-64.8562	-60.9683	-3.88785	0.4949316	0.2803998	0.4982361	0.2262606	0.06721377	0.251983	0.06796885	0.3438597
130	-63.3256	-58.567	-4.75856	0.9209813	0.2601156	0.1790834	0.1481901	0.05269734	0.317086	0.0935363	0.346234
140	-62.8292	-60.0609	-2.76827	0.6913103	0.0893385	0.2921855	0.2832651	0.1347099	0.1882284	0.109195	0.3306625
150	-64.8067	-57.1508	-7.6559	1.070035	0.07707788	0.2399629	0.2288614	0.1699201	0.2777691	0.3092041	0.2348272
160	-63.5585	-56.9068	-6.65165	1.204295	0.1397594	0.2454055	0.1930537	0.2131254	0.1537296	0.2862416	0.07162241
170	-67.0951	-60.337	-6.75811	0.6532725	0.1546384	0.287061	0.4008453	0.6413562	0.1106961	0.185343	0.08466634
180	-64.6585	-63.2014	-1.45718	0.3167605	0.05535331	0.520657	0.1734019	0.5049191	0.05761628	0.2941077	0.06497062
190	-64.6018	-64.2223	-0.379539	0.2649757	0.03154054	0.5063532	0.05237963	0.5384189	0.1421414	0.2466437	0.09756891
200	-62.7298	-60.7043	-2.0255	0.5530306	0.01972527	0.5886976	0.3967185	0.2496094	0.03003904	0.1094484	0.09734948
